<?xml version="1.0" encoding="UTF-8"?>
<testsuite xmlns:xsi="http://www.w3.org/2001/XMLSchema-instance" xsi:noNamespaceSchemaLocation="https://maven.apache.org/surefire/maven-surefire-plugin/xsd/surefire-test-report-3.0.xsd" version="3.0" name="service.AuthServiceTest" time="1.294" tests="2" errors="0" skipped="0" failures="0">
  <properties>
[...]
</properties>
  <testcase name="testPasswordHashing" classname="service.AuthServiceTest" time="1.219"/>
  <testcase name="testRegisterUser" classname="service.AuthServiceTest" time="0.007"/>
</testsuite>